Determining if the pthread_create exist failed with the following output:
Change Dir: /home/robot/kinetic_workspace/sandbox/project/COMPSCI403FinalProject/final_project/build/CMakeFiles/CMakeTmp

Run Build Command:"/usr/bin/make" "cmTC_11a9b/fast"
make[1]: Entering directory '/home/robot/kinetic_workspace/sandbox/project/COMPSCI403FinalProject/final_project/build/CMakeFiles/CMakeTmp'
/usr/bin/make -f CMakeFiles/cmTC_11a9b.dir/build.make CMakeFiles/cmTC_11a9b.dir/build
make[2]: Entering directory '/home/robot/kinetic_workspace/sandbox/project/COMPSCI403FinalProject/final_project/build/CMakeFiles/CMakeTmp'
Building C object CMakeFiles/cmTC_11a9b.dir/CheckSymbolExists.c.o
/usr/bin/cc     -o CMakeFiles/cmTC_11a9b.dir/CheckSymbolExists.c.o   -c /home/robot/kinetic_workspace/sandbox/project/COMPSCI403FinalProject/final_project/build/CMakeFiles/CMakeTmp/CheckSymbolExists.c
Linking C executable cmTC_11a9b
/usr/bin/cmake -E cmake_link_script CMakeFiles/cmTC_11a9b.dir/link.txt --verbose=1
/usr/bin/cc       CMakeFiles/cmTC_11a9b.dir/CheckSymbolExists.c.o  -o cmTC_11a9b -rdynamic 
CMakeFiles/cmTC_11a9b.dir/CheckSymbolExists.c.o: In function `main':
CheckSymbolExists.c:(.text+0x16): undefined reference to `pthread_create'
collect2: error: ld returned 1 exit status
CMakeFiles/cmTC_11a9b.dir/build.make:97: recipe for target 'cmTC_11a9b' failed
make[2]: *** [cmTC_11a9b] Error 1
make[2]: Leaving directory '/home/robot/kinetic_workspace/sandbox/project/COMPSCI403FinalProject/final_project/build/CMakeFiles/CMakeTmp'
Makefile:126: recipe for target 'cmTC_11a9b/fast' failed
make[1]: *** [cmTC_11a9b/fast] Error 2
make[1]: Leaving directory '/home/robot/kinetic_workspace/sandbox/project/COMPSCI403FinalProject/final_project/build/CMakeFiles/CMakeTmp'

File /home/robot/kinetic_workspace/sandbox/project/COMPSCI403FinalProject/final_project/build/CMakeFiles/CMakeTmp/CheckSymbolExists.c:
/* */
#include <pthread.h>

int main(int argc, char** argv)
{
  (void)argv;
#ifndef pthread_create
  return ((int*)(&pthread_create))[argc];
#else
  (void)argc;
  return 0;
#endif
}

Determining if the function pthread_create exists in the pthreads failed with the following output:
Change Dir: /home/robot/kinetic_workspace/sandbox/project/COMPSCI403FinalProject/final_project/build/CMakeFiles/CMakeTmp

Run Build Command:"/usr/bin/make" "cmTC_495c2/fast"
make[1]: Entering directory '/home/robot/kinetic_workspace/sandbox/project/COMPSCI403FinalProject/final_project/build/CMakeFiles/CMakeTmp'
/usr/bin/make -f CMakeFiles/cmTC_495c2.dir/build.make CMakeFiles/cmTC_495c2.dir/build
make[2]: Entering directory '/home/robot/kinetic_workspace/sandbox/project/COMPSCI403FinalProject/final_project/build/CMakeFiles/CMakeTmp'
Building C object CMakeFiles/cmTC_495c2.dir/CheckFunctionExists.c.o
/usr/bin/cc    -DCHECK_FUNCTION_EXISTS=pthread_create   -o CMakeFiles/cmTC_495c2.dir/CheckFunctionExists.c.o   -c /usr/share/cmake-3.5/Modules/CheckFunctionExists.c
Linking C executable cmTC_495c2
/usr/bin/cmake -E cmake_link_script CMakeFiles/cmTC_495c2.dir/link.txt --verbose=1
/usr/bin/cc   -DCHECK_FUNCTION_EXISTS=pthread_create    CMakeFiles/cmTC_495c2.dir/CheckFunctionExists.c.o  -o cmTC_495c2 -rdynamic -lpthreads 
/usr/bin/ld: cannot find -lpthreads
collect2: error: ld returned 1 exit status
CMakeFiles/cmTC_495c2.dir/build.make:97: recipe for target 'cmTC_495c2' failed
make[2]: *** [cmTC_495c2] Error 1
make[2]: Leaving directory '/home/robot/kinetic_workspace/sandbox/project/COMPSCI403FinalProject/final_project/build/CMakeFiles/CMakeTmp'
Makefile:126: recipe for target 'cmTC_495c2/fast' failed
make[1]: *** [cmTC_495c2/fast] Error 2
make[1]: Leaving directory '/home/robot/kinetic_workspace/sandbox/project/COMPSCI403FinalProject/final_project/build/CMakeFiles/CMakeTmp'


